<?xml version="1.0" encoding="utf-8"?>
<CoverageSession>
  <Summary numSequencePoints="216" visitedSequencePoints="213" numBranchPoints="70" visitedBranchPoints="70" sequenceCoverage="98.61" branchCoverage="100" maxCyclomaticComplexity="101" minCyclomaticComplexity="101" visitedClasses="4" numClasses="4" visitedMethods="45" numMethods="47" />
  <Modules>
    <Module hash="864CD897-E9E9-478B-8E9D-176147D13D82">
      <ModulePath>Observer.dll</ModulePath>
      <ModuleTime>2022-07-13T11:44:41</ModuleTime>
      <ModuleName>Observer</ModuleName>
      <Files>
        <File uid="1" fullPath="C:\Users\Gareth\Documents\Git\projects\dev\GitHub\Gradient\Observer\Observer\ListSubject.cs" />
        <File uid="2" fullPath="C:\Users\Gareth\Documents\Git\projects\dev\GitHub\Gradient\Observer\Observer\ObjectExtensions.cs" />
        <File uid="3" fullPath="C:\Users\Gareth\Documents\Git\projects\dev\GitHub\Gradient\Observer\Observer\Observer.cs" />
        <File uid="4" fullPath="C:\Users\Gareth\Documents\Git\projects\dev\GitHub\Gradient\Observer\Observer\Subject.cs" />
      </Files>
      <Classes>
        <Class>
          <Summary numSequencePoints="86" visitedSequencePoints="84" numBranchPoints="26" visitedBranchPoints="26" sequenceCoverage="97.67" branchCoverage="100" maxCyclomaticComplexity="6" minCyclomaticComplexity="1" visitedClasses="1" numClasses="1" visitedMethods="17" numMethods="19" />
          <FullName>Observer.ListSubject`1</FullName>
          <Methods>
            <Method cyclomaticComplexity="1" nPathComplexity="1" sequenceCoverage="100" branchCoverage="100" isConstructor="False" isGetter="False" isSetter="False" isStatic="True">
              <Summary numSequencePoints="3" visitedSequencePoints="3" numBranchPoints="0" visitedBranchPoints="0" sequenceCoverage="100" branchCoverage="100" maxCyclomaticComplexity="1" minCyclomaticComplexity="1" visitedClasses="0" numClasses="0" visitedMethods="1" numMethods="1" />
              <MetadataToken />
              <Name>Observer.ListSubject`1&lt;T&gt; Observer.ListSubject`1::Create(System.Boolean)</Name>
              <FileRef uid="1" />
              <SequencePoints>
                <SequencePoint vc="24" uspid="13" ordinal="0" sl="13" sc="1" el="13" ec="2" bec="0" bev="0" fileid="1" />
                <SequencePoint vc="24" uspid="14" ordinal="1" sl="14" sc="1" el="14" ec="2" bec="0" bev="0" fileid="1" />
                <SequencePoint vc="24" uspid="15" ordinal="2" sl="15" sc="1" el="15" ec="2" bec="0" bev="0" fileid="1" />
              </SequencePoints>
              <BranchPoints />
              <MethodPoint vc="3" uspid="0" p8:type="SequencePoint" ordinal="0" offset="0" sc="0" sl="13" ec="1" el="15" bec="0" bev="0" fileid="1" xmlns:p8="xsi" />
            </Method>
            <Method cyclomaticComplexity="1" nPathComplexity="1" sequenceCoverage="100" branchCoverage="100" isConstructor="False" isGetter="True" isSetter="False" isStatic="True">
              <Summary numSequencePoints="3" visitedSequencePoints="3" numBranchPoints="0" visitedBranchPoints="0" sequenceCoverage="100" branchCoverage="100" maxCyclomaticComplexity="1" minCyclomaticComplexity="1" visitedClasses="0" numClasses="0" visitedMethods="1" numMethods="1" />
              <MetadataToken />
              <Name>T Observer.ListSubject`1::get_Item(System.Int32)</Name>
              <FileRef uid="1" />
              <SequencePoints>
                <SequencePoint vc="7" uspid="20" ordinal="0" sl="20" sc="1" el="20" ec="2" bec="0" bev="0" fileid="1" />
                <SequencePoint vc="7" uspid="21" ordinal="1" sl="21" sc="1" el="21" ec="2" bec="0" bev="0" fileid="1" />
                <SequencePoint vc="7" uspid="22" ordinal="2" sl="22" sc="1" el="22" ec="2" bec="0" bev="0" fileid="1" />
              </SequencePoints>
              <BranchPoints />
              <MethodPoint vc="3" uspid="0" p8:type="SequencePoint" ordinal="1" offset="1" sc="0" sl="20" ec="1" el="22" bec="0" bev="0" fileid="1" xmlns:p8="xsi" />
            </Method>
            <Method cyclomaticComplexity="1" nPathComplexity="1" sequenceCoverage="100" branchCoverage="100" isConstructor="False" isGetter="False" isSetter="True" isStatic="True">
              <Summary numSequencePoints="3" visitedSequencePoints="3" numBranchPoints="0" visitedBranchPoints="0" sequenceCoverage="100" branchCoverage="100" maxCyclomaticComplexity="1" minCyclomaticComplexity="1" visitedClasses="0" numClasses="0" visitedMethods="1" numMethods="1" />
              <MetadataToken />
              <Name>System.Void Observer.ListSubject`1::set_Item(System.Int32,T)</Name>
              <FileRef uid="1" />
              <SequencePoints>
                <SequencePoint vc="1" uspid="24" ordinal="0" sl="24" sc="1" el="24" ec="2" bec="0" bev="0" fileid="1" />
                <SequencePoint vc="2" uspid="25" ordinal="1" sl="25" sc="1" el="25" ec="2" bec="0" bev="0" fileid="1" />
                <SequencePoint vc="1" uspid="26" ordinal="2" sl="26" sc="1" el="26" ec="2" bec="0" bev="0" fileid="1" />
              </SequencePoints>
              <BranchPoints />
              <MethodPoint vc="3" uspid="0" p8:type="SequencePoint" ordinal="2" offset="2" sc="0" sl="24" ec="1" el="26" bec="0" bev="0" fileid="1" xmlns:p8="xsi" />
            </Method>
            <Method cyclomaticComplexity="1" nPathComplexity="1" sequenceCoverage="100" branchCoverage="100" isConstructor="False" isGetter="True" isSetter="False" isStatic="True">
              <Summary numSequencePoints="3" visitedSequencePoints="3" numBranchPoints="0" visitedBranchPoints="0" sequenceCoverage="100" branchCoverage="100" maxCyclomaticComplexity="1" minCyclomaticComplexity="1" visitedClasses="0" numClasses="0" visitedMethods="1" numMethods="1" />
              <MetadataToken />
              <Name>System.Int32 Observer.ListSubject`1::get_Count()</Name>
              <FileRef uid="1" />
              <SequencePoints>
                <SequencePoint vc="16" uspid="32" ordinal="0" sl="32" sc="1" el="32" ec="2" bec="0" bev="0" fileid="1" />
                <SequencePoint vc="16" uspid="33" ordinal="1" sl="33" sc="1" el="33" ec="2" bec="0" bev="0" fileid="1" />
                <SequencePoint vc="16" uspid="34" ordinal="2" sl="34" sc="1" el="34" ec="2" bec="0" bev="0" fileid="1" />
              </SequencePoints>
              <BranchPoints />
              <MethodPoint vc="3" uspid="0" p8:type="SequencePoint" ordinal="3" offset="3" sc="0" sl="32" ec="1" el="34" bec="0" bev="0" fileid="1" xmlns:p8="xsi" />
            </Method>
            <Method cyclomaticComplexity="6" nPathComplexity="6" sequenceCoverage="100" branchCoverage="100" isConstructor="False" isGetter="False" isSetter="False" isStatic="True">
              <Summary numSequencePoints="14" visitedSequencePoints="14" numBranchPoints="6" visitedBranchPoints="6" sequenceCoverage="100" branchCoverage="100" maxCyclomaticComplexity="6" minCyclomaticComplexity="6" visitedClasses="0" numClasses="0" visitedMethods="1" numMethods="1" />
              <MetadataToken />
              <Name>System.Void Observer.ListSubject`1::Add(T)</Name>
              <FileRef uid="1" />
              <SequencePoints>
                <SequencePoint vc="75" uspid="39" ordinal="0" sl="39" sc="1" el="39" ec="2" bec="0" bev="0" fileid="1" />
                <SequencePoint vc="75" uspid="40" ordinal="1" sl="40" sc="1" el="40" ec="2" bec="2" bev="2" fileid="1" />
                <SequencePoint vc="72" uspid="41" ordinal="2" sl="41" sc="1" el="41" ec="2" bec="0" bev="0" fileid="1" />
                <SequencePoint vc="72" uspid="42" ordinal="3" sl="42" sc="1" el="42" ec="2" bec="0" bev="0" fileid="1" />
                <SequencePoint vc="72" uspid="43" ordinal="4" sl="43" sc="1" el="43" ec="2" bec="0" bev="0" fileid="1" />
                <SequencePoint vc="72" uspid="44" ordinal="5" sl="44" sc="1" el="44" ec="2" bec="4" bev="4" fileid="1" />
                <SequencePoint vc="58" uspid="45" ordinal="6" sl="45" sc="1" el="45" ec="2" bec="0" bev="0" fileid="1" />
                <SequencePoint vc="58" uspid="46" ordinal="7" sl="46" sc="1" el="46" ec="2" bec="0" bev="0" fileid="1" />
                <SequencePoint vc="58" uspid="47" ordinal="8" sl="47" sc="1" el="47" ec="2" bec="0" bev="0" fileid="1" />
                <SequencePoint vc="58" uspid="48" ordinal="9" sl="48" sc="1" el="48" ec="2" bec="0" bev="0" fileid="1" />
                <SequencePoint vc="72" uspid="49" ordinal="10" sl="49" sc="1" el="49" ec="2" bec="0" bev="0" fileid="1" />
                <SequencePoint vc="75" uspid="50" ordinal="11" sl="50" sc="1" el="50" ec="2" bec="0" bev="0" fileid="1" />
                <SequencePoint vc="75" uspid="51" ordinal="12" sl="51" sc="1" el="51" ec="2" bec="0" bev="0" fileid="1" />
                <SequencePoint vc="75" uspid="52" ordinal="13" sl="52" sc="1" el="52" ec="2" bec="0" bev="0" fileid="1" />
              </SequencePoints>
              <BranchPoints>
                <BranchPoint vc="72" uspid="40" ordinal="0" path="0" offset="12" offsetend="14" sl="40" fileid="1" />
                <BranchPoint vc="68" uspid="44" ordinal="2" path="0" offset="45" offsetend="47" sl="44" fileid="1" />
                <BranchPoint vc="4" uspid="44" ordinal="3" path="1" offset="45" offsetend="71" sl="44" fileid="1" />
                <BranchPoint vc="58" uspid="44" ordinal="4" path="0" offset="74" offsetend="76" sl="44" fileid="1" />
                <BranchPoint vc="72" uspid="44" ordinal="5" path="1" offset="74" offsetend="100" sl="44" fileid="1" />
                <BranchPoint vc="75" uspid="40" ordinal="1" path="1" offset="12" offsetend="101" sl="40" fileid="1" />
              </BranchPoints>
              <MethodPoint vc="14" uspid="0" p8:type="SequencePoint" ordinal="4" offset="4" sc="0" sl="39" ec="1" el="52" bec="0" bev="0" fileid="1" xmlns:p8="xsi" />
            </Method>
            <Method cyclomaticComplexity="6" nPathComplexity="6" sequenceCoverage="100" branchCoverage="100" isConstructor="False" isGetter="False" isSetter="False" isStatic="True">
              <Summary numSequencePoints="9" visitedSequencePoints="9" numBranchPoints="6" visitedBranchPoints="6" sequenceCoverage="100" branchCoverage="100" maxCyclomaticComplexity="6" minCyclomaticComplexity="6" visitedClasses="0" numClasses="0" visitedMethods="1" numMethods="1" />
              <MetadataToken />
              <Name>System.Void Observer.ListSubject`1::AddRange(System.Collections.Generic.IEnumerable`1&lt;T&gt;)</Name>
              <FileRef uid="1" />
              <SequencePoints>
                <SequencePoint vc="14" uspid="59" ordinal="0" sl="59" sc="1" el="59" ec="2" bec="0" bev="0" fileid="1" />
                <SequencePoint vc="14" uspid="60" ordinal="1" sl="60" sc="1" el="60" ec="2" bec="0" bev="0" fileid="1" />
                <SequencePoint vc="14" uspid="61" ordinal="2" sl="61" sc="1" el="61" ec="2" bec="2" bev="2" fileid="1" />
                <SequencePoint vc="13" uspid="62" ordinal="3" sl="62" sc="1" el="62" ec="2" bec="0" bev="0" fileid="1" />
                <SequencePoint vc="146" uspid="63" ordinal="4" sl="63" sc="1" el="63" ec="2" bec="2" bev="2" fileid="1" />
                <SequencePoint vc="52" uspid="64" ordinal="5" sl="64" sc="1" el="64" ec="2" bec="0" bev="0" fileid="1" />
                <SequencePoint vc="14" uspid="65" ordinal="6" sl="65" sc="1" el="65" ec="2" bec="2" bev="2" fileid="1" />
                <SequencePoint vc="13" uspid="66" ordinal="7" sl="66" sc="1" el="66" ec="2" bec="0" bev="0" fileid="1" />
                <SequencePoint vc="14" uspid="67" ordinal="8" sl="67" sc="1" el="67" ec="2" bec="0" bev="0" fileid="1" />
              </SequencePoints>
              <BranchPoints>
                <BranchPoint vc="13" uspid="61" ordinal="0" path="0" offset="14" offsetend="16" sl="61" fileid="1" />
                <BranchPoint vc="14" uspid="61" ordinal="1" path="1" offset="14" offsetend="24" sl="61" fileid="1" />
                <BranchPoint vc="52" uspid="63" ordinal="3" path="1" offset="55" offsetend="34" sl="63" fileid="1" />
                <BranchPoint vc="14" uspid="63" ordinal="2" path="0" offset="55" offsetend="57" sl="63" fileid="1" />
                <BranchPoint vc="13" uspid="65" ordinal="4" path="0" offset="78" offsetend="80" sl="65" fileid="1" />
                <BranchPoint vc="14" uspid="65" ordinal="5" path="1" offset="78" offsetend="88" sl="65" fileid="1" />
              </BranchPoints>
              <MethodPoint vc="9" uspid="0" p8:type="SequencePoint" ordinal="5" offset="5" sc="0" sl="59" ec="1" el="67" bec="0" bev="0" fileid="1" xmlns:p8="xsi" />
            </Method>
            <Method cyclomaticComplexity="6" nPathComplexity="6" sequenceCoverage="100" branchCoverage="100" isConstructor="False" isGetter="False" isSetter="False" isStatic="True">
              <Summary numSequencePoints="10" visitedSequencePoints="10" numBranchPoints="6" visitedBranchPoints="6" sequenceCoverage="100" branchCoverage="100" maxCyclomaticComplexity="6" minCyclomaticComplexity="6" visitedClasses="0" numClasses="0" visitedMethods="1" numMethods="1" />
              <MetadataToken />
              <Name>System.Void Observer.ListSubject`1::Replace(System.Collections.Generic.IEnumerable`1&lt;T&gt;)</Name>
              <FileRef uid="1" />
              <SequencePoints>
                <SequencePoint vc="2" uspid="75" ordinal="0" sl="75" sc="1" el="75" ec="2" bec="0" bev="0" fileid="1" />
                <SequencePoint vc="2" uspid="76" ordinal="1" sl="76" sc="1" el="76" ec="2" bec="0" bev="0" fileid="1" />
                <SequencePoint vc="2" uspid="77" ordinal="2" sl="77" sc="1" el="77" ec="2" bec="2" bev="2" fileid="1" />
                <SequencePoint vc="1" uspid="78" ordinal="3" sl="78" sc="1" el="78" ec="2" bec="0" bev="0" fileid="1" />
                <SequencePoint vc="2" uspid="79" ordinal="4" sl="79" sc="1" el="79" ec="2" bec="0" bev="0" fileid="1" />
                <SequencePoint vc="18" uspid="80" ordinal="5" sl="80" sc="1" el="80" ec="2" bec="2" bev="2" fileid="1" />
                <SequencePoint vc="6" uspid="81" ordinal="6" sl="81" sc="1" el="81" ec="2" bec="0" bev="0" fileid="1" />
                <SequencePoint vc="2" uspid="82" ordinal="7" sl="82" sc="1" el="82" ec="2" bec="2" bev="2" fileid="1" />
                <SequencePoint vc="1" uspid="83" ordinal="8" sl="83" sc="1" el="83" ec="2" bec="0" bev="0" fileid="1" />
                <SequencePoint vc="2" uspid="84" ordinal="9" sl="84" sc="1" el="84" ec="2" bec="0" bev="0" fileid="1" />
              </SequencePoints>
              <BranchPoints>
                <BranchPoint vc="1" uspid="77" ordinal="0" path="0" offset="14" offsetend="16" sl="77" fileid="1" />
                <BranchPoint vc="2" uspid="77" ordinal="1" path="1" offset="14" offsetend="24" sl="77" fileid="1" />
                <BranchPoint vc="6" uspid="80" ordinal="3" path="1" offset="62" offsetend="41" sl="80" fileid="1" />
                <BranchPoint vc="2" uspid="80" ordinal="2" path="0" offset="62" offsetend="64" sl="80" fileid="1" />
                <BranchPoint vc="1" uspid="82" ordinal="4" path="0" offset="85" offsetend="87" sl="82" fileid="1" />
                <BranchPoint vc="2" uspid="82" ordinal="5" path="1" offset="85" offsetend="95" sl="82" fileid="1" />
              </BranchPoints>
              <MethodPoint vc="10" uspid="0" p8:type="SequencePoint" ordinal="6" offset="6" sc="0" sl="75" ec="1" el="84" bec="0" bev="0" fileid="1" xmlns:p8="xsi" />
            </Method>
            <Method cyclomaticComplexity="2" nPathComplexity="2" sequenceCoverage="100" branchCoverage="100" isConstructor="False" isGetter="False" isSetter="False" isStatic="True">
              <Summary numSequencePoints="3" visitedSequencePoints="3" numBranchPoints="2" visitedBranchPoints="2" sequenceCoverage="100" branchCoverage="100" maxCyclomaticComplexity="2" minCyclomaticComplexity="2" visitedClasses="0" numClasses="0" visitedMethods="1" numMethods="1" />
              <MetadataToken />
              <Name>System.Void Observer.ListSubject`1::Clear()</Name>
              <FileRef uid="1" />
              <SequencePoints>
                <SequencePoint vc="4" uspid="87" ordinal="0" sl="87" sc="1" el="87" ec="2" bec="0" bev="0" fileid="1" />
                <SequencePoint vc="8" uspid="88" ordinal="1" sl="88" sc="1" el="88" ec="2" bec="2" bev="2" fileid="1" />
                <SequencePoint vc="4" uspid="89" ordinal="2" sl="89" sc="1" el="89" ec="2" bec="0" bev="0" fileid="1" />
              </SequencePoints>
              <BranchPoints>
                <BranchPoint vc="1" uspid="88" ordinal="0" path="0" offset="8" offsetend="10" sl="88" fileid="1" />
                <BranchPoint vc="4" uspid="88" ordinal="1" path="1" offset="8" offsetend="33" sl="88" fileid="1" />
              </BranchPoints>
              <MethodPoint vc="3" uspid="0" p8:type="SequencePoint" ordinal="7" offset="7" sc="0" sl="87" ec="1" el="89" bec="0" bev="0" fileid="1" xmlns:p8="xsi" />
            </Method>
            <Method cyclomaticComplexity="1" nPathComplexity="1" sequenceCoverage="100" branchCoverage="100" isConstructor="False" isGetter="False" isSetter="False" isStatic="True">
              <Summary numSequencePoints="3" visitedSequencePoints="3" numBranchPoints="0" visitedBranchPoints="0" sequenceCoverage="100" branchCoverage="100" maxCyclomaticComplexity="1" minCyclomaticComplexity="1" visitedClasses="0" numClasses="0" visitedMethods="1" numMethods="1" />
              <MetadataToken />
              <Name>System.Boolean Observer.ListSubject`1::Contains(T)</Name>
              <FileRef uid="1" />
              <SequencePoints>
                <SequencePoint vc="2" uspid="92" ordinal="0" sl="92" sc="1" el="92" ec="2" bec="0" bev="0" fileid="1" />
                <SequencePoint vc="2" uspid="93" ordinal="1" sl="93" sc="1" el="93" ec="2" bec="0" bev="0" fileid="1" />
                <SequencePoint vc="2" uspid="94" ordinal="2" sl="94" sc="1" el="94" ec="2" bec="0" bev="0" fileid="1" />
              </SequencePoints>
              <BranchPoints />
              <MethodPoint vc="3" uspid="0" p8:type="SequencePoint" ordinal="8" offset="8" sc="0" sl="92" ec="1" el="94" bec="0" bev="0" fileid="1" xmlns:p8="xsi" />
            </Method>
            <Method cyclomaticComplexity="2" nPathComplexity="2" sequenceCoverage="100" branchCoverage="100" isConstructor="False" isGetter="False" isSetter="False" isStatic="True">
              <Summary numSequencePoints="5" visitedSequencePoints="5" numBranchPoints="2" visitedBranchPoints="2" sequenceCoverage="100" branchCoverage="100" maxCyclomaticComplexity="2" minCyclomaticComplexity="2" visitedClasses="0" numClasses="0" visitedMethods="1" numMethods="1" />
              <MetadataToken />
              <Name>System.Int32 Observer.ListSubject`1::IndexOf(T)</Name>
              <FileRef uid="1" />
              <SequencePoints>
                <SequencePoint vc="6" uspid="97" ordinal="0" sl="97" sc="1" el="97" ec="2" bec="0" bev="0" fileid="1" />
                <SequencePoint vc="6" uspid="98" ordinal="1" sl="98" sc="1" el="98" ec="2" bec="2" bev="2" fileid="1" />
                <SequencePoint vc="3" uspid="99" ordinal="2" sl="99" sc="1" el="99" ec="2" bec="0" bev="0" fileid="1" />
                <SequencePoint vc="3" uspid="100" ordinal="3" sl="100" sc="1" el="100" ec="2" bec="0" bev="0" fileid="1" />
                <SequencePoint vc="6" uspid="101" ordinal="4" sl="101" sc="1" el="101" ec="2" bec="0" bev="0" fileid="1" />
              </SequencePoints>
              <BranchPoints>
                <BranchPoint vc="3" uspid="98" ordinal="0" path="0" offset="12" offsetend="14" sl="98" fileid="1" />
                <BranchPoint vc="3" uspid="98" ordinal="1" path="1" offset="12" offsetend="34" sl="98" fileid="1" />
              </BranchPoints>
              <MethodPoint vc="5" uspid="0" p8:type="SequencePoint" ordinal="9" offset="9" sc="0" sl="97" ec="1" el="101" bec="0" bev="0" fileid="1" xmlns:p8="xsi" />
            </Method>
            <Method cyclomaticComplexity="1" nPathComplexity="1" sequenceCoverage="100" branchCoverage="100" isConstructor="False" isGetter="False" isSetter="False" isStatic="True">
              <Summary numSequencePoints="3" visitedSequencePoints="3" numBranchPoints="0" visitedBranchPoints="0" sequenceCoverage="100" branchCoverage="100" maxCyclomaticComplexity="1" minCyclomaticComplexity="1" visitedClasses="0" numClasses="0" visitedMethods="1" numMethods="1" />
              <MetadataToken />
              <Name>System.Void Observer.ListSubject`1::Insert(System.Int32,T)</Name>
              <FileRef uid="1" />
              <SequencePoints>
                <SequencePoint vc="1" uspid="104" ordinal="0" sl="104" sc="1" el="104" ec="2" bec="0" bev="0" fileid="1" />
                <SequencePoint vc="2" uspid="105" ordinal="1" sl="105" sc="1" el="105" ec="2" bec="0" bev="0" fileid="1" />
                <SequencePoint vc="1" uspid="106" ordinal="2" sl="106" sc="1" el="106" ec="2" bec="0" bev="0" fileid="1" />
              </SequencePoints>
              <BranchPoints />
              <MethodPoint vc="3" uspid="0" p8:type="SequencePoint" ordinal="10" offset="10" sc="0" sl="104" ec="1" el="106" bec="0" bev="0" fileid="1" xmlns:p8="xsi" />
            </Method>
            <Method cyclomaticComplexity="2" nPathComplexity="2" sequenceCoverage="100" branchCoverage="100" isConstructor="False" isGetter="False" isSetter="False" isStatic="True">
              <Summary numSequencePoints="6" visitedSequencePoints="6" numBranchPoints="2" visitedBranchPoints="2" sequenceCoverage="100" branchCoverage="100" maxCyclomaticComplexity="2" minCyclomaticComplexity="2" visitedClasses="0" numClasses="0" visitedMethods="1" numMethods="1" />
              <MetadataToken />
              <Name>System.Boolean Observer.ListSubject`1::Remove(T)</Name>
              <FileRef uid="1" />
              <SequencePoints>
                <SequencePoint vc="1" uspid="109" ordinal="0" sl="109" sc="1" el="109" ec="2" bec="0" bev="0" fileid="1" />
                <SequencePoint vc="1" uspid="110" ordinal="1" sl="110" sc="1" el="110" ec="2" bec="0" bev="0" fileid="1" />
                <SequencePoint vc="1" uspid="111" ordinal="2" sl="111" sc="1" el="111" ec="2" bec="2" bev="2" fileid="1" />
                <SequencePoint vc="1" uspid="112" ordinal="3" sl="112" sc="1" el="112" ec="2" bec="0" bev="0" fileid="1" />
                <SequencePoint vc="1" uspid="113" ordinal="4" sl="113" sc="1" el="113" ec="2" bec="0" bev="0" fileid="1" />
                <SequencePoint vc="1" uspid="114" ordinal="5" sl="114" sc="1" el="114" ec="2" bec="0" bev="0" fileid="1" />
              </SequencePoints>
              <BranchPoints>
                <BranchPoint vc="1" uspid="111" ordinal="0" path="0" offset="17" offsetend="19" sl="111" fileid="1" />
                <BranchPoint vc="1" uspid="111" ordinal="1" path="1" offset="17" offsetend="26" sl="111" fileid="1" />
              </BranchPoints>
              <MethodPoint vc="6" uspid="0" p8:type="SequencePoint" ordinal="11" offset="11" sc="0" sl="109" ec="1" el="114" bec="0" bev="0" fileid="1" xmlns:p8="xsi" />
            </Method>
            <Method cyclomaticComplexity="1" nPathComplexity="1" sequenceCoverage="100" branchCoverage="100" isConstructor="False" isGetter="False" isSetter="False" isStatic="True">
              <Summary numSequencePoints="3" visitedSequencePoints="3" numBranchPoints="0" visitedBranchPoints="0" sequenceCoverage="100" branchCoverage="100" maxCyclomaticComplexity="1" minCyclomaticComplexity="1" visitedClasses="0" numClasses="0" visitedMethods="1" numMethods="1" />
              <MetadataToken />
              <Name>System.Void Observer.ListSubject`1::RemoveAt(System.Int32)</Name>
              <FileRef uid="1" />
              <SequencePoints>
                <SequencePoint vc="1" uspid="117" ordinal="0" sl="117" sc="1" el="117" ec="2" bec="0" bev="0" fileid="1" />
                <SequencePoint vc="2" uspid="118" ordinal="1" sl="118" sc="1" el="118" ec="2" bec="0" bev="0" fileid="1" />
                <SequencePoint vc="1" uspid="119" ordinal="2" sl="119" sc="1" el="119" ec="2" bec="0" bev="0" fileid="1" />
              </SequencePoints>
              <BranchPoints />
              <MethodPoint vc="3" uspid="0" p8:type="SequencePoint" ordinal="12" offset="12" sc="0" sl="117" ec="1" el="119" bec="0" bev="0" fileid="1" xmlns:p8="xsi" />
            </Method>
            <Method cyclomaticComplexity="1" nPathComplexity="1" sequenceCoverage="100" branchCoverage="100" isConstructor="False" isGetter="False" isSetter="False" isStatic="True">
              <Summary numSequencePoints="3" visitedSequencePoints="3" numBranchPoints="0" visitedBranchPoints="0" sequenceCoverage="100" branchCoverage="100" maxCyclomaticComplexity="1" minCyclomaticComplexity="1" visitedClasses="0" numClasses="0" visitedMethods="1" numMethods="1" />
              <MetadataToken />
              <Name>System.Collections.Generic.IEnumerator`1&lt;T&gt; Observer.ListSubject`1::GetEnumerator()</Name>
              <FileRef uid="1" />
              <SequencePoints>
                <SequencePoint vc="1" uspid="123" ordinal="0" sl="123" sc="1" el="123" ec="2" bec="0" bev="0" fileid="1" />
                <SequencePoint vc="1" uspid="124" ordinal="1" sl="124" sc="1" el="124" ec="2" bec="0" bev="0" fileid="1" />
                <SequencePoint vc="1" uspid="125" ordinal="2" sl="125" sc="1" el="125" ec="2" bec="0" bev="0" fileid="1" />
              </SequencePoints>
              <BranchPoints />
              <MethodPoint vc="3" uspid="0" p8:type="SequencePoint" ordinal="13" offset="13" sc="0" sl="123" ec="1" el="125" bec="0" bev="0" fileid="1" xmlns:p8="xsi" />
            </Method>
            <Method cyclomaticComplexity="2" nPathComplexity="2" sequenceCoverage="100" branchCoverage="100" isConstructor="False" isGetter="False" isSetter="False" isStatic="True">
              <Summary numSequencePoints="10" visitedSequencePoints="10" numBranchPoints="2" visitedBranchPoints="2" sequenceCoverage="100" branchCoverage="100" maxCyclomaticComplexity="2" minCyclomaticComplexity="2" visitedClasses="0" numClasses="0" visitedMethods="1" numMethods="1" />
              <MetadataToken />
              <Name>System.Void Observer.ListSubject`1::Modify(Observer.Subject`1/ModifyDelegate&lt;System.Collections.Generic.List`1&lt;T&gt;&gt;)</Name>
              <FileRef uid="1" />
              <SequencePoints>
                <SequencePoint vc="12" uspid="129" ordinal="0" sl="129" sc="1" el="129" ec="2" bec="0" bev="0" fileid="1" />
                <SequencePoint vc="12" uspid="130" ordinal="1" sl="130" sc="1" el="130" ec="2" bec="2" bev="2" fileid="1" />
                <SequencePoint vc="11" uspid="131" ordinal="2" sl="131" sc="1" el="131" ec="2" bec="0" bev="0" fileid="1" />
                <SequencePoint vc="11" uspid="132" ordinal="3" sl="132" sc="1" el="132" ec="2" bec="0" bev="0" fileid="1" />
                <SequencePoint vc="11" uspid="133" ordinal="4" sl="133" sc="1" el="133" ec="2" bec="0" bev="0" fileid="1" />
                <SequencePoint vc="11" uspid="134" ordinal="5" sl="134" sc="1" el="134" ec="2" bec="0" bev="0" fileid="1" />
                <SequencePoint vc="11" uspid="135" ordinal="6" sl="135" sc="1" el="135" ec="2" bec="0" bev="0" fileid="1" />
                <SequencePoint vc="12" uspid="136" ordinal="7" sl="136" sc="1" el="136" ec="2" bec="0" bev="0" fileid="1" />
                <SequencePoint vc="12" uspid="137" ordinal="8" sl="137" sc="1" el="137" ec="2" bec="0" bev="0" fileid="1" />
                <SequencePoint vc="12" uspid="138" ordinal="9" sl="138" sc="1" el="138" ec="2" bec="0" bev="0" fileid="1" />
              </SequencePoints>
              <BranchPoints>
                <BranchPoint vc="11" uspid="130" ordinal="0" path="0" offset="12" offsetend="14" sl="130" fileid="1" />
                <BranchPoint vc="12" uspid="130" ordinal="1" path="1" offset="12" offsetend="53" sl="130" fileid="1" />
              </BranchPoints>
              <MethodPoint vc="10" uspid="0" p8:type="SequencePoint" ordinal="14" offset="14" sc="0" sl="129" ec="1" el="138" bec="0" bev="0" fileid="1" xmlns:p8="xsi" />
            </Method>
            <Method cyclomaticComplexity="1" nPathComplexity="1" sequenceCoverage="100" branchCoverage="100" isConstructor="False" isGetter="False" isSetter="False" isStatic="True">
              <Summary numSequencePoints="2" visitedSequencePoints="2" numBranchPoints="0" visitedBranchPoints="0" sequenceCoverage="100" branchCoverage="100" maxCyclomaticComplexity="1" minCyclomaticComplexity="1" visitedClasses="0" numClasses="0" visitedMethods="1" numMethods="1" />
              <MetadataToken />
              <Name>System.Void Observer.ListSubject`1::CopyTo(T[],System.Int32)</Name>
              <FileRef uid="1" />
              <SequencePoints>
                <SequencePoint vc="1" uspid="141" ordinal="0" sl="141" sc="1" el="141" ec="2" bec="0" bev="0" fileid="1" />
                <SequencePoint vc="1" uspid="142" ordinal="1" sl="142" sc="1" el="142" ec="2" bec="0" bev="0" fileid="1" />
              </SequencePoints>
              <BranchPoints />
              <MethodPoint vc="2" uspid="0" p8:type="SequencePoint" ordinal="15" offset="15" sc="0" sl="141" ec="1" el="142" bec="0" bev="0" fileid="1" xmlns:p8="xsi" />
            </Method>
            <Method cyclomaticComplexity="1" nPathComplexity="1" sequenceCoverage="0" branchCoverage="100" isConstructor="False" isGetter="True" isSetter="False" isStatic="True">
              <Summary numSequencePoints="1" visitedSequencePoints="0" numBranchPoints="0" visitedBranchPoints="0" sequenceCoverage="0" branchCoverage="100" maxCyclomaticComplexity="1" minCyclomaticComplexity="1" visitedClasses="0" numClasses="0" visitedMethods="0" numMethods="1" />
              <MetadataToken />
              <Name>System.Boolean Observer.ListSubject`1::get_IsReadOnly()</Name>
              <FileRef uid="1" />
              <SequencePoints>
                <SequencePoint vc="0" uspid="145" ordinal="0" sl="145" sc="1" el="145" ec="2" bec="0" bev="0" fileid="1" />
              </SequencePoints>
              <BranchPoints />
              <MethodPoint vc="0" uspid="0" p8:type="SequencePoint" ordinal="16" offset="16" sc="0" sl="145" ec="1" el="145" bec="0" bev="0" fileid="1" xmlns:p8="xsi" />
            </Method>
            <Method cyclomaticComplexity="1" nPathComplexity="1" sequenceCoverage="0" branchCoverage="100" isConstructor="False" isGetter="False" isSetter="False" isStatic="True">
              <Summary numSequencePoints="1" visitedSequencePoints="0" numBranchPoints="0" visitedBranchPoints="0" sequenceCoverage="0" branchCoverage="100" maxCyclomaticComplexity="1" minCyclomaticComplexity="1" visitedClasses="0" numClasses="0" visitedMethods="0" numMethods="1" />
              <MetadataToken />
              <Name>System.Collections.IEnumerator Observer.ListSubject`1::System.Collections.IEnumerable.GetEnumerator()</Name>
              <FileRef uid="1" />
              <SequencePoints>
                <SequencePoint vc="0" uspid="147" ordinal="0" sl="147" sc="1" el="147" ec="2" bec="0" bev="0" fileid="1" />
              </SequencePoints>
              <BranchPoints />
              <MethodPoint vc="0" uspid="0" p8:type="SequencePoint" ordinal="17" offset="17" sc="0" sl="147" ec="1" el="147" bec="0" bev="0" fileid="1" xmlns:p8="xsi" />
            </Method>
            <Method cyclomaticComplexity="1" nPathComplexity="1" sequenceCoverage="100" branchCoverage="100" isConstructor="True" isGetter="False" isSetter="False" isStatic="True">
              <Summary numSequencePoints="1" visitedSequencePoints="1" numBranchPoints="0" visitedBranchPoints="0" sequenceCoverage="100" branchCoverage="100" maxCyclomaticComplexity="1" minCyclomaticComplexity="1" visitedClasses="0" numClasses="0" visitedMethods="1" numMethods="1" />
              <MetadataToken />
              <Name>System.Void Observer.ListSubject`1::.ctor(System.Collections.Generic.List`1&lt;T&gt;,System.Boolean)</Name>
              <FileRef uid="1" />
              <SequencePoints>
                <SequencePoint vc="72" uspid="10" ordinal="0" sl="10" sc="1" el="10" ec="2" bec="0" bev="0" fileid="1" />
              </SequencePoints>
              <BranchPoints />
              <MethodPoint vc="1" uspid="0" p8:type="SequencePoint" ordinal="18" offset="18" sc="0" sl="10" ec="1" el="10" bec="0" bev="0" fileid="1" xmlns:p8="xsi" />
            </Method>
          </Methods>
        </Class>
        <Class>
          <Summary numSequencePoints="4" visitedSequencePoints="4" numBranchPoints="0" visitedBranchPoints="0" sequenceCoverage="100" branchCoverage="100" maxCyclomaticComplexity="1" minCyclomaticComplexity="1" visitedClasses="1" numClasses="1" visitedMethods="1" numMethods="1" />
          <FullName>Observer.ObjectExtensions</FullName>
          <Methods>
            <Method cyclomaticComplexity="1" nPathComplexity="1" sequenceCoverage="100" branchCoverage="100" isConstructor="False" isGetter="False" isSetter="False" isStatic="True">
              <Summary numSequencePoints="4" visitedSequencePoints="4" numBranchPoints="0" visitedBranchPoints="0" sequenceCoverage="100" branchCoverage="100" maxCyclomaticComplexity="1" minCyclomaticComplexity="1" visitedClasses="0" numClasses="0" visitedMethods="1" numMethods="1" />
              <MetadataToken />
              <Name>T Observer.ObjectExtensions::DeepCopy(T)</Name>
              <FileRef uid="2" />
              <SequencePoints>
                <SequencePoint vc="71" uspid="8" ordinal="0" sl="8" sc="1" el="8" ec="2" bec="0" bev="0" fileid="2" />
                <SequencePoint vc="71" uspid="9" ordinal="1" sl="9" sc="1" el="9" ec="2" bec="0" bev="0" fileid="2" />
                <SequencePoint vc="71" uspid="10" ordinal="2" sl="10" sc="1" el="10" ec="2" bec="0" bev="0" fileid="2" />
                <SequencePoint vc="71" uspid="11" ordinal="3" sl="11" sc="1" el="11" ec="2" bec="0" bev="0" fileid="2" />
              </SequencePoints>
              <BranchPoints />
              <MethodPoint vc="4" uspid="0" p8:type="SequencePoint" ordinal="0" offset="0" sc="0" sl="8" ec="1" el="11" bec="0" bev="0" fileid="2" xmlns:p8="xsi" />
            </Method>
          </Methods>
        </Class>
        <Class>
          <Summary numSequencePoints="32" visitedSequencePoints="32" numBranchPoints="2" visitedBranchPoints="2" sequenceCoverage="100" branchCoverage="100" maxCyclomaticComplexity="2" minCyclomaticComplexity="1" visitedClasses="1" numClasses="1" visitedMethods="11" numMethods="11" />
          <FullName>Observer.Observer`1</FullName>
          <Methods>
            <Method cyclomaticComplexity="1" nPathComplexity="1" sequenceCoverage="100" branchCoverage="100" isConstructor="False" isGetter="True" isSetter="False" isStatic="True">
              <Summary numSequencePoints="1" visitedSequencePoints="1" numBranchPoints="0" visitedBranchPoints="0" sequenceCoverage="100" branchCoverage="100" maxCyclomaticComplexity="1" minCyclomaticComplexity="1" visitedClasses="0" numClasses="0" visitedMethods="1" numMethods="1" />
              <MetadataToken />
              <Name>Observer.ObserverState Observer.Observer`1::get_State()</Name>
              <FileRef uid="3" />
              <SequencePoints>
                <SequencePoint vc="83" uspid="15" ordinal="0" sl="15" sc="1" el="15" ec="2" bec="0" bev="0" fileid="3" />
              </SequencePoints>
              <BranchPoints />
              <MethodPoint vc="1" uspid="0" p8:type="SequencePoint" ordinal="0" offset="0" sc="0" sl="15" ec="1" el="15" bec="0" bev="0" fileid="3" xmlns:p8="xsi" />
            </Method>
            <Method cyclomaticComplexity="1" nPathComplexity="1" sequenceCoverage="100" branchCoverage="100" isConstructor="False" isGetter="True" isSetter="False" isStatic="True">
              <Summary numSequencePoints="1" visitedSequencePoints="1" numBranchPoints="0" visitedBranchPoints="0" sequenceCoverage="100" branchCoverage="100" maxCyclomaticComplexity="1" minCyclomaticComplexity="1" visitedClasses="0" numClasses="0" visitedMethods="1" numMethods="1" />
              <MetadataToken />
              <Name>System.Func`1&lt;System.Boolean&gt; Observer.Observer`1::get_SleepUntilCondition()</Name>
              <FileRef uid="3" />
              <SequencePoints>
                <SequencePoint vc="4" uspid="16" ordinal="0" sl="16" sc="1" el="16" ec="2" bec="0" bev="0" fileid="3" />
              </SequencePoints>
              <BranchPoints />
              <MethodPoint vc="1" uspid="0" p8:type="SequencePoint" ordinal="1" offset="1" sc="0" sl="16" ec="1" el="16" bec="0" bev="0" fileid="3" xmlns:p8="xsi" />
            </Method>
            <Method cyclomaticComplexity="1" nPathComplexity="1" sequenceCoverage="100" branchCoverage="100" isConstructor="False" isGetter="True" isSetter="False" isStatic="True">
              <Summary numSequencePoints="1" visitedSequencePoints="1" numBranchPoints="0" visitedBranchPoints="0" sequenceCoverage="100" branchCoverage="100" maxCyclomaticComplexity="1" minCyclomaticComplexity="1" visitedClasses="0" numClasses="0" visitedMethods="1" numMethods="1" />
              <MetadataToken />
              <Name>Observer.Subject`1&lt;T&gt; Observer.Observer`1::get_Subject()</Name>
              <FileRef uid="3" />
              <SequencePoints>
                <SequencePoint vc="76" uspid="32" ordinal="0" sl="32" sc="1" el="32" ec="2" bec="0" bev="0" fileid="3" />
              </SequencePoints>
              <BranchPoints />
              <MethodPoint vc="1" uspid="0" p8:type="SequencePoint" ordinal="2" offset="2" sc="0" sl="32" ec="1" el="32" bec="0" bev="0" fileid="3" xmlns:p8="xsi" />
            </Method>
            <Method cyclomaticComplexity="1" nPathComplexity="1" sequenceCoverage="100" branchCoverage="100" isConstructor="False" isGetter="True" isSetter="False" isStatic="True">
              <Summary numSequencePoints="1" visitedSequencePoints="1" numBranchPoints="0" visitedBranchPoints="0" sequenceCoverage="100" branchCoverage="100" maxCyclomaticComplexity="1" minCyclomaticComplexity="1" visitedClasses="0" numClasses="0" visitedMethods="1" numMethods="1" />
              <MetadataToken />
              <Name>System.Action Observer.Observer`1::get_OnNotify()</Name>
              <FileRef uid="3" />
              <SequencePoints>
                <SequencePoint vc="47" uspid="37" ordinal="0" sl="37" sc="1" el="37" ec="2" bec="0" bev="0" fileid="3" />
              </SequencePoints>
              <BranchPoints />
              <MethodPoint vc="1" uspid="0" p8:type="SequencePoint" ordinal="3" offset="3" sc="0" sl="37" ec="1" el="37" bec="0" bev="0" fileid="3" xmlns:p8="xsi" />
            </Method>
            <Method cyclomaticComplexity="2" nPathComplexity="2" sequenceCoverage="100" branchCoverage="100" isConstructor="False" isGetter="False" isSetter="False" isStatic="True">
              <Summary numSequencePoints="8" visitedSequencePoints="8" numBranchPoints="2" visitedBranchPoints="2" sequenceCoverage="100" branchCoverage="100" maxCyclomaticComplexity="2" minCyclomaticComplexity="2" visitedClasses="0" numClasses="0" visitedMethods="1" numMethods="1" />
              <MetadataToken />
              <Name>T Observer.Observer`1::Wake(System.Boolean)</Name>
              <FileRef uid="3" />
              <SequencePoints>
                <SequencePoint vc="2" uspid="45" ordinal="0" sl="45" sc="1" el="45" ec="2" bec="0" bev="0" fileid="3" />
                <SequencePoint vc="2" uspid="46" ordinal="1" sl="46" sc="1" el="46" ec="2" bec="0" bev="0" fileid="3" />
                <SequencePoint vc="2" uspid="47" ordinal="2" sl="47" sc="1" el="47" ec="2" bec="2" bev="2" fileid="3" />
                <SequencePoint vc="1" uspid="48" ordinal="3" sl="48" sc="1" el="48" ec="2" bec="0" bev="0" fileid="3" />
                <SequencePoint vc="1" uspid="49" ordinal="4" sl="49" sc="1" el="49" ec="2" bec="0" bev="0" fileid="3" />
                <SequencePoint vc="1" uspid="50" ordinal="5" sl="50" sc="1" el="50" ec="2" bec="0" bev="0" fileid="3" />
                <SequencePoint vc="2" uspid="51" ordinal="6" sl="51" sc="1" el="51" ec="2" bec="0" bev="0" fileid="3" />
                <SequencePoint vc="2" uspid="52" ordinal="7" sl="52" sc="1" el="52" ec="2" bec="0" bev="0" fileid="3" />
              </SequencePoints>
              <BranchPoints>
                <BranchPoint vc="1" uspid="47" ordinal="0" path="0" offset="12" offsetend="14" sl="47" fileid="3" />
                <BranchPoint vc="2" uspid="47" ordinal="1" path="1" offset="12" offsetend="28" sl="47" fileid="3" />
              </BranchPoints>
              <MethodPoint vc="8" uspid="0" p8:type="SequencePoint" ordinal="4" offset="4" sc="0" sl="45" ec="1" el="52" bec="0" bev="0" fileid="3" xmlns:p8="xsi" />
            </Method>
            <Method cyclomaticComplexity="1" nPathComplexity="1" sequenceCoverage="100" branchCoverage="100" isConstructor="False" isGetter="False" isSetter="False" isStatic="True">
              <Summary numSequencePoints="3" visitedSequencePoints="3" numBranchPoints="0" visitedBranchPoints="0" sequenceCoverage="100" branchCoverage="100" maxCyclomaticComplexity="1" minCyclomaticComplexity="1" visitedClasses="0" numClasses="0" visitedMethods="1" numMethods="1" />
              <MetadataToken />
              <Name>System.Void Observer.Observer`1::Sleep()</Name>
              <FileRef uid="3" />
              <SequencePoints>
                <SequencePoint vc="2" uspid="58" ordinal="0" sl="58" sc="1" el="58" ec="2" bec="0" bev="0" fileid="3" />
                <SequencePoint vc="2" uspid="59" ordinal="1" sl="59" sc="1" el="59" ec="2" bec="0" bev="0" fileid="3" />
                <SequencePoint vc="2" uspid="60" ordinal="2" sl="60" sc="1" el="60" ec="2" bec="0" bev="0" fileid="3" />
              </SequencePoints>
              <BranchPoints />
              <MethodPoint vc="3" uspid="0" p8:type="SequencePoint" ordinal="5" offset="5" sc="0" sl="58" ec="1" el="60" bec="0" bev="0" fileid="3" xmlns:p8="xsi" />
            </Method>
            <Method cyclomaticComplexity="1" nPathComplexity="1" sequenceCoverage="100" branchCoverage="100" isConstructor="False" isGetter="False" isSetter="False" isStatic="True">
              <Summary numSequencePoints="4" visitedSequencePoints="4" numBranchPoints="0" visitedBranchPoints="0" sequenceCoverage="100" branchCoverage="100" maxCyclomaticComplexity="1" minCyclomaticComplexity="1" visitedClasses="0" numClasses="0" visitedMethods="1" numMethods="1" />
              <MetadataToken />
              <Name>System.Void Observer.Observer`1::SleepUntil(System.Func`1&lt;System.Boolean&gt;)</Name>
              <FileRef uid="3" />
              <SequencePoints>
                <SequencePoint vc="1" uspid="66" ordinal="0" sl="66" sc="1" el="66" ec="2" bec="0" bev="0" fileid="3" />
                <SequencePoint vc="1" uspid="67" ordinal="1" sl="67" sc="1" el="67" ec="2" bec="0" bev="0" fileid="3" />
                <SequencePoint vc="1" uspid="68" ordinal="2" sl="68" sc="1" el="68" ec="2" bec="0" bev="0" fileid="3" />
                <SequencePoint vc="1" uspid="69" ordinal="3" sl="69" sc="1" el="69" ec="2" bec="0" bev="0" fileid="3" />
              </SequencePoints>
              <BranchPoints />
              <MethodPoint vc="4" uspid="0" p8:type="SequencePoint" ordinal="6" offset="6" sc="0" sl="66" ec="1" el="69" bec="0" bev="0" fileid="3" xmlns:p8="xsi" />
            </Method>
            <Method cyclomaticComplexity="1" nPathComplexity="1" sequenceCoverage="100" branchCoverage="100" isConstructor="False" isGetter="True" isSetter="False" isStatic="True">
              <Summary numSequencePoints="1" visitedSequencePoints="1" numBranchPoints="0" visitedBranchPoints="0" sequenceCoverage="100" branchCoverage="100" maxCyclomaticComplexity="1" minCyclomaticComplexity="1" visitedClasses="0" numClasses="0" visitedMethods="1" numMethods="1" />
              <MetadataToken />
              <Name>T Observer.Observer`1::get_Data()</Name>
              <FileRef uid="3" />
              <SequencePoints>
                <SequencePoint vc="38" uspid="74" ordinal="0" sl="74" sc="1" el="74" ec="2" bec="0" bev="0" fileid="3" />
              </SequencePoints>
              <BranchPoints />
              <MethodPoint vc="1" uspid="0" p8:type="SequencePoint" ordinal="7" offset="7" sc="0" sl="74" ec="1" el="74" bec="0" bev="0" fileid="3" xmlns:p8="xsi" />
            </Method>
            <Method cyclomaticComplexity="1" nPathComplexity="1" sequenceCoverage="100" branchCoverage="100" isConstructor="False" isGetter="False" isSetter="False" isStatic="True">
              <Summary numSequencePoints="3" visitedSequencePoints="3" numBranchPoints="0" visitedBranchPoints="0" sequenceCoverage="100" branchCoverage="100" maxCyclomaticComplexity="1" minCyclomaticComplexity="1" visitedClasses="0" numClasses="0" visitedMethods="1" numMethods="1" />
              <MetadataToken />
              <Name>System.Void Observer.Observer`1::Modify(Observer.Subject`1/ModifyDelegate&lt;T&gt;)</Name>
              <FileRef uid="3" />
              <SequencePoints>
                <SequencePoint vc="1" uspid="81" ordinal="0" sl="81" sc="1" el="81" ec="2" bec="0" bev="0" fileid="3" />
                <SequencePoint vc="1" uspid="82" ordinal="1" sl="82" sc="1" el="82" ec="2" bec="0" bev="0" fileid="3" />
                <SequencePoint vc="1" uspid="83" ordinal="2" sl="83" sc="1" el="83" ec="2" bec="0" bev="0" fileid="3" />
              </SequencePoints>
              <BranchPoints />
              <MethodPoint vc="3" uspid="0" p8:type="SequencePoint" ordinal="8" offset="8" sc="0" sl="81" ec="1" el="83" bec="0" bev="0" fileid="3" xmlns:p8="xsi" />
            </Method>
            <Method cyclomaticComplexity="1" nPathComplexity="1" sequenceCoverage="100" branchCoverage="100" isConstructor="False" isGetter="False" isSetter="False" isStatic="True">
              <Summary numSequencePoints="3" visitedSequencePoints="3" numBranchPoints="0" visitedBranchPoints="0" sequenceCoverage="100" branchCoverage="100" maxCyclomaticComplexity="1" minCyclomaticComplexity="1" visitedClasses="0" numClasses="0" visitedMethods="1" numMethods="1" />
              <MetadataToken />
              <Name>System.Void Observer.Observer`1::Replace(T)</Name>
              <FileRef uid="3" />
              <SequencePoints>
                <SequencePoint vc="1" uspid="90" ordinal="0" sl="90" sc="1" el="90" ec="2" bec="0" bev="0" fileid="3" />
                <SequencePoint vc="1" uspid="91" ordinal="1" sl="91" sc="1" el="91" ec="2" bec="0" bev="0" fileid="3" />
                <SequencePoint vc="1" uspid="92" ordinal="2" sl="92" sc="1" el="92" ec="2" bec="0" bev="0" fileid="3" />
              </SequencePoints>
              <BranchPoints />
              <MethodPoint vc="3" uspid="0" p8:type="SequencePoint" ordinal="9" offset="9" sc="0" sl="90" ec="1" el="92" bec="0" bev="0" fileid="3" xmlns:p8="xsi" />
            </Method>
            <Method cyclomaticComplexity="1" nPathComplexity="1" sequenceCoverage="100" branchCoverage="100" isConstructor="True" isGetter="False" isSetter="False" isStatic="True">
              <Summary numSequencePoints="6" visitedSequencePoints="6" numBranchPoints="0" visitedBranchPoints="0" sequenceCoverage="100" branchCoverage="100" maxCyclomaticComplexity="1" minCyclomaticComplexity="1" visitedClasses="0" numClasses="0" visitedMethods="1" numMethods="1" />
              <MetadataToken />
              <Name>System.Void Observer.Observer`1::.ctor(Observer.Subject`1&lt;T&gt;,System.Action)</Name>
              <FileRef uid="3" />
              <SequencePoints>
                <SequencePoint vc="18" uspid="23" ordinal="0" sl="23" sc="1" el="23" ec="2" bec="0" bev="0" fileid="3" />
                <SequencePoint vc="18" uspid="24" ordinal="1" sl="24" sc="1" el="24" ec="2" bec="0" bev="0" fileid="3" />
                <SequencePoint vc="18" uspid="25" ordinal="2" sl="25" sc="1" el="25" ec="2" bec="0" bev="0" fileid="3" />
                <SequencePoint vc="18" uspid="26" ordinal="3" sl="26" sc="1" el="26" ec="2" bec="0" bev="0" fileid="3" />
                <SequencePoint vc="18" uspid="27" ordinal="4" sl="27" sc="1" el="27" ec="2" bec="0" bev="0" fileid="3" />
                <SequencePoint vc="18" uspid="28" ordinal="5" sl="28" sc="1" el="28" ec="2" bec="0" bev="0" fileid="3" />
              </SequencePoints>
              <BranchPoints />
              <MethodPoint vc="6" uspid="0" p8:type="SequencePoint" ordinal="10" offset="10" sc="0" sl="23" ec="1" el="28" bec="0" bev="0" fileid="3" xmlns:p8="xsi" />
            </Method>
          </Methods>
        </Class>
        <Class>
          <Summary numSequencePoints="94" visitedSequencePoints="93" numBranchPoints="42" visitedBranchPoints="42" sequenceCoverage="98.93" branchCoverage="100" maxCyclomaticComplexity="12" minCyclomaticComplexity="1" visitedClasses="1" numClasses="1" visitedMethods="16" numMethods="16" />
          <FullName>Observer.Subject`1</FullName>
          <Methods>
            <Method cyclomaticComplexity="1" nPathComplexity="1" sequenceCoverage="100" branchCoverage="100" isConstructor="False" isGetter="False" isSetter="False" isStatic="True">
              <Summary numSequencePoints="4" visitedSequencePoints="4" numBranchPoints="0" visitedBranchPoints="0" sequenceCoverage="100" branchCoverage="100" maxCyclomaticComplexity="1" minCyclomaticComplexity="1" visitedClasses="0" numClasses="0" visitedMethods="1" numMethods="1" />
              <MetadataToken />
              <Name>Observer.Subject`1&lt;T&gt; Observer.Subject`1::Create(T,System.Boolean)</Name>
              <FileRef uid="4" />
              <SequencePoints>
                <SequencePoint vc="21" uspid="24" ordinal="0" sl="24" sc="1" el="24" ec="2" bec="0" bev="0" fileid="4" />
                <SequencePoint vc="21" uspid="25" ordinal="1" sl="25" sc="1" el="25" ec="2" bec="0" bev="0" fileid="4" />
                <SequencePoint vc="21" uspid="26" ordinal="2" sl="26" sc="1" el="26" ec="2" bec="0" bev="0" fileid="4" />
                <SequencePoint vc="21" uspid="27" ordinal="3" sl="27" sc="1" el="27" ec="2" bec="0" bev="0" fileid="4" />
              </SequencePoints>
              <BranchPoints />
              <MethodPoint vc="4" uspid="0" p8:type="SequencePoint" ordinal="0" offset="0" sc="0" sl="24" ec="1" el="27" bec="0" bev="0" fileid="4" xmlns:p8="xsi" />
            </Method>
            <Method cyclomaticComplexity="1" nPathComplexity="1" sequenceCoverage="100" branchCoverage="100" isConstructor="False" isGetter="True" isSetter="False" isStatic="True">
              <Summary numSequencePoints="1" visitedSequencePoints="1" numBranchPoints="0" visitedBranchPoints="0" sequenceCoverage="100" branchCoverage="100" maxCyclomaticComplexity="1" minCyclomaticComplexity="1" visitedClasses="0" numClasses="0" visitedMethods="1" numMethods="1" />
              <MetadataToken />
              <Name>Observer.SubjectState Observer.Subject`1::get_State()</Name>
              <FileRef uid="4" />
              <SequencePoints>
                <SequencePoint vc="277" uspid="29" ordinal="0" sl="29" sc="1" el="29" ec="2" bec="0" bev="0" fileid="4" />
              </SequencePoints>
              <BranchPoints />
              <MethodPoint vc="1" uspid="0" p8:type="SequencePoint" ordinal="1" offset="1" sc="0" sl="29" ec="1" el="29" bec="0" bev="0" fileid="4" xmlns:p8="xsi" />
            </Method>
            <Method cyclomaticComplexity="4" nPathComplexity="4" sequenceCoverage="100" branchCoverage="100" isConstructor="False" isGetter="False" isSetter="False" isStatic="True">
              <Summary numSequencePoints="9" visitedSequencePoints="9" numBranchPoints="4" visitedBranchPoints="4" sequenceCoverage="100" branchCoverage="100" maxCyclomaticComplexity="4" minCyclomaticComplexity="4" visitedClasses="0" numClasses="0" visitedMethods="1" numMethods="1" />
              <MetadataToken />
              <Name>System.Void Observer.Subject`1::ToggleState(System.Boolean)</Name>
              <FileRef uid="4" />
              <SequencePoints>
                <SequencePoint vc="34" uspid="32" ordinal="0" sl="32" sc="1" el="32" ec="2" bec="0" bev="0" fileid="4" />
                <SequencePoint vc="34" uspid="33" ordinal="1" sl="33" sc="1" el="33" ec="2" bec="2" bev="2" fileid="4" />
                <SequencePoint vc="18" uspid="34" ordinal="2" sl="34" sc="1" el="34" ec="2" bec="0" bev="0" fileid="4" />
                <SequencePoint vc="16" uspid="36" ordinal="3" sl="36" sc="1" el="36" ec="2" bec="0" bev="0" fileid="4" />
                <SequencePoint vc="16" uspid="37" ordinal="4" sl="37" sc="1" el="37" ec="2" bec="0" bev="0" fileid="4" />
                <SequencePoint vc="16" uspid="38" ordinal="5" sl="38" sc="1" el="38" ec="2" bec="2" bev="2" fileid="4" />
                <SequencePoint vc="15" uspid="39" ordinal="6" sl="39" sc="1" el="39" ec="2" bec="0" bev="0" fileid="4" />
                <SequencePoint vc="16" uspid="40" ordinal="7" sl="40" sc="1" el="40" ec="2" bec="0" bev="0" fileid="4" />
                <SequencePoint vc="34" uspid="41" ordinal="8" sl="41" sc="1" el="41" ec="2" bec="0" bev="0" fileid="4" />
              </SequencePoints>
              <BranchPoints>
                <BranchPoint vc="18" uspid="33" ordinal="0" path="0" offset="12" offsetend="14" sl="33" fileid="4" />
                <BranchPoint vc="16" uspid="33" ordinal="1" path="1" offset="12" offsetend="24" sl="33" fileid="4" />
                <BranchPoint vc="15" uspid="38" ordinal="2" path="0" offset="36" offsetend="38" sl="38" fileid="4" />
                <BranchPoint vc="16" uspid="38" ordinal="3" path="1" offset="36" offsetend="45" sl="38" fileid="4" />
              </BranchPoints>
              <MethodPoint vc="9" uspid="0" p8:type="SequencePoint" ordinal="2" offset="2" sc="0" sl="32" ec="1" el="41" bec="0" bev="0" fileid="4" xmlns:p8="xsi" />
            </Method>
            <Method cyclomaticComplexity="1" nPathComplexity="1" sequenceCoverage="100" branchCoverage="100" isConstructor="False" isGetter="True" isSetter="False" isStatic="True">
              <Summary numSequencePoints="1" visitedSequencePoints="1" numBranchPoints="0" visitedBranchPoints="0" sequenceCoverage="100" branchCoverage="100" maxCyclomaticComplexity="1" minCyclomaticComplexity="1" visitedClasses="0" numClasses="0" visitedMethods="1" numMethods="1" />
              <MetadataToken />
              <Name>Gradient.ObjectHistory.History`1&lt;T&gt; Observer.Subject`1::get_History()</Name>
              <FileRef uid="4" />
              <SequencePoints>
                <SequencePoint vc="789" uspid="43" ordinal="0" sl="43" sc="1" el="43" ec="2" bec="0" bev="0" fileid="4" />
              </SequencePoints>
              <BranchPoints />
              <MethodPoint vc="1" uspid="0" p8:type="SequencePoint" ordinal="3" offset="3" sc="0" sl="43" ec="1" el="43" bec="0" bev="0" fileid="4" xmlns:p8="xsi" />
            </Method>
            <Method cyclomaticComplexity="1" nPathComplexity="1" sequenceCoverage="100" branchCoverage="100" isConstructor="False" isGetter="True" isSetter="False" isStatic="True">
              <Summary numSequencePoints="1" visitedSequencePoints="1" numBranchPoints="0" visitedBranchPoints="0" sequenceCoverage="100" branchCoverage="100" maxCyclomaticComplexity="1" minCyclomaticComplexity="1" visitedClasses="0" numClasses="0" visitedMethods="1" numMethods="1" />
              <MetadataToken />
              <Name>T Observer.Subject`1::get_Singleton()</Name>
              <FileRef uid="4" />
              <SequencePoints>
                <SequencePoint vc="28" uspid="44" ordinal="0" sl="44" sc="1" el="44" ec="2" bec="0" bev="0" fileid="4" />
              </SequencePoints>
              <BranchPoints />
              <MethodPoint vc="1" uspid="0" p8:type="SequencePoint" ordinal="4" offset="4" sc="0" sl="44" ec="1" el="44" bec="0" bev="0" fileid="4" xmlns:p8="xsi" />
            </Method>
            <Method cyclomaticComplexity="4" nPathComplexity="4" sequenceCoverage="100" branchCoverage="100" isConstructor="False" isGetter="False" isSetter="False" isStatic="True">
              <Summary numSequencePoints="7" visitedSequencePoints="7" numBranchPoints="4" visitedBranchPoints="4" sequenceCoverage="100" branchCoverage="100" maxCyclomaticComplexity="4" minCyclomaticComplexity="4" visitedClasses="0" numClasses="0" visitedMethods="1" numMethods="1" />
              <MetadataToken />
              <Name>System.Void Observer.Subject`1::Undo(System.Boolean)</Name>
              <FileRef uid="4" />
              <SequencePoints>
                <SequencePoint vc="10" uspid="47" ordinal="0" sl="47" sc="1" el="47" ec="2" bec="0" bev="0" fileid="4" />
                <SequencePoint vc="10" uspid="48" ordinal="1" sl="48" sc="1" el="48" ec="2" bec="2" bev="2" fileid="4" />
                <SequencePoint vc="1" uspid="49" ordinal="2" sl="49" sc="1" el="49" ec="2" bec="0" bev="0" fileid="4" />
                <SequencePoint vc="9" uspid="50" ordinal="3" sl="50" sc="1" el="50" ec="2" bec="0" bev="0" fileid="4" />
                <SequencePoint vc="9" uspid="51" ordinal="4" sl="51" sc="1" el="51" ec="2" bec="2" bev="2" fileid="4" />
                <SequencePoint vc="9" uspid="52" ordinal="5" sl="52" sc="1" el="52" ec="2" bec="0" bev="0" fileid="4" />
                <SequencePoint vc="9" uspid="53" ordinal="6" sl="53" sc="1" el="53" ec="2" bec="0" bev="0" fileid="4" />
              </SequencePoints>
              <BranchPoints>
                <BranchPoint vc="1" uspid="48" ordinal="0" path="0" offset="12" offsetend="14" sl="48" fileid="4" />
                <BranchPoint vc="9" uspid="48" ordinal="1" path="1" offset="12" offsetend="25" sl="48" fileid="4" />
                <BranchPoint vc="9" uspid="51" ordinal="2" path="0" offset="43" offsetend="45" sl="51" fileid="4" />
                <BranchPoint vc="9" uspid="51" ordinal="3" path="1" offset="43" offsetend="52" sl="51" fileid="4" />
              </BranchPoints>
              <MethodPoint vc="7" uspid="0" p8:type="SequencePoint" ordinal="5" offset="5" sc="0" sl="47" ec="1" el="53" bec="0" bev="0" fileid="4" xmlns:p8="xsi" />
            </Method>
            <Method cyclomaticComplexity="4" nPathComplexity="4" sequenceCoverage="100" branchCoverage="100" isConstructor="False" isGetter="False" isSetter="False" isStatic="True">
              <Summary numSequencePoints="7" visitedSequencePoints="7" numBranchPoints="4" visitedBranchPoints="4" sequenceCoverage="100" branchCoverage="100" maxCyclomaticComplexity="4" minCyclomaticComplexity="4" visitedClasses="0" numClasses="0" visitedMethods="1" numMethods="1" />
              <MetadataToken />
              <Name>System.Void Observer.Subject`1::Redo(System.Boolean)</Name>
              <FileRef uid="4" />
              <SequencePoints>
                <SequencePoint vc="6" uspid="56" ordinal="0" sl="56" sc="1" el="56" ec="2" bec="0" bev="0" fileid="4" />
                <SequencePoint vc="6" uspid="57" ordinal="1" sl="57" sc="1" el="57" ec="2" bec="2" bev="2" fileid="4" />
                <SequencePoint vc="1" uspid="58" ordinal="2" sl="58" sc="1" el="58" ec="2" bec="0" bev="0" fileid="4" />
                <SequencePoint vc="5" uspid="59" ordinal="3" sl="59" sc="1" el="59" ec="2" bec="0" bev="0" fileid="4" />
                <SequencePoint vc="5" uspid="60" ordinal="4" sl="60" sc="1" el="60" ec="2" bec="2" bev="2" fileid="4" />
                <SequencePoint vc="5" uspid="61" ordinal="5" sl="61" sc="1" el="61" ec="2" bec="0" bev="0" fileid="4" />
                <SequencePoint vc="5" uspid="62" ordinal="6" sl="62" sc="1" el="62" ec="2" bec="0" bev="0" fileid="4" />
              </SequencePoints>
              <BranchPoints>
                <BranchPoint vc="1" uspid="57" ordinal="0" path="0" offset="12" offsetend="14" sl="57" fileid="4" />
                <BranchPoint vc="5" uspid="57" ordinal="1" path="1" offset="12" offsetend="25" sl="57" fileid="4" />
                <BranchPoint vc="5" uspid="60" ordinal="2" path="0" offset="43" offsetend="45" sl="60" fileid="4" />
                <BranchPoint vc="5" uspid="60" ordinal="3" path="1" offset="43" offsetend="52" sl="60" fileid="4" />
              </BranchPoints>
              <MethodPoint vc="7" uspid="0" p8:type="SequencePoint" ordinal="6" offset="6" sc="0" sl="56" ec="1" el="62" bec="0" bev="0" fileid="4" xmlns:p8="xsi" />
            </Method>
            <Method cyclomaticComplexity="2" nPathComplexity="2" sequenceCoverage="100" branchCoverage="100" isConstructor="False" isGetter="True" isSetter="False" isStatic="True">
              <Summary numSequencePoints="5" visitedSequencePoints="5" numBranchPoints="2" visitedBranchPoints="2" sequenceCoverage="100" branchCoverage="100" maxCyclomaticComplexity="2" minCyclomaticComplexity="2" visitedClasses="0" numClasses="0" visitedMethods="1" numMethods="1" />
              <MetadataToken />
              <Name>T Observer.Subject`1::get_Data()</Name>
              <FileRef uid="4" />
              <SequencePoints>
                <SequencePoint vc="210" uspid="67" ordinal="0" sl="67" sc="1" el="67" ec="2" bec="0" bev="0" fileid="4" />
                <SequencePoint vc="210" uspid="68" ordinal="1" sl="68" sc="1" el="68" ec="2" bec="2" bev="2" fileid="4" />
                <SequencePoint vc="10" uspid="69" ordinal="2" sl="69" sc="1" el="69" ec="2" bec="0" bev="0" fileid="4" />
                <SequencePoint vc="200" uspid="70" ordinal="3" sl="70" sc="1" el="70" ec="2" bec="0" bev="0" fileid="4" />
                <SequencePoint vc="210" uspid="71" ordinal="4" sl="71" sc="1" el="71" ec="2" bec="0" bev="0" fileid="4" />
              </SequencePoints>
              <BranchPoints>
                <BranchPoint vc="10" uspid="68" ordinal="0" path="0" offset="12" offsetend="14" sl="68" fileid="4" />
                <BranchPoint vc="200" uspid="68" ordinal="1" path="1" offset="12" offsetend="23" sl="68" fileid="4" />
              </BranchPoints>
              <MethodPoint vc="5" uspid="0" p8:type="SequencePoint" ordinal="7" offset="7" sc="0" sl="67" ec="1" el="71" bec="0" bev="0" fileid="4" xmlns:p8="xsi" />
            </Method>
            <Method cyclomaticComplexity="6" nPathComplexity="6" sequenceCoverage="92.3" branchCoverage="100" isConstructor="False" isGetter="False" isSetter="True" isStatic="True">
              <Summary numSequencePoints="13" visitedSequencePoints="12" numBranchPoints="6" visitedBranchPoints="6" sequenceCoverage="92.3" branchCoverage="100" maxCyclomaticComplexity="6" minCyclomaticComplexity="6" visitedClasses="0" numClasses="0" visitedMethods="1" numMethods="1" />
              <MetadataToken />
              <Name>System.Void Observer.Subject`1::set_Data(T)</Name>
              <FileRef uid="4" />
              <SequencePoints>
                <SequencePoint vc="30" uspid="73" ordinal="0" sl="73" sc="1" el="73" ec="2" bec="0" bev="0" fileid="4" />
                <SequencePoint vc="30" uspid="74" ordinal="1" sl="74" sc="1" el="74" ec="2" bec="2" bev="2" fileid="4" />
                <SequencePoint vc="4" uspid="75" ordinal="2" sl="75" sc="1" el="75" ec="2" bec="0" bev="0" fileid="4" />
                <SequencePoint vc="4" uspid="76" ordinal="3" sl="76" sc="1" el="76" ec="2" bec="2" bev="2" fileid="4" />
                <SequencePoint vc="0" uspid="77" ordinal="4" sl="77" sc="1" el="77" ec="2" bec="0" bev="0" fileid="4" />
                <SequencePoint vc="4" uspid="78" ordinal="5" sl="78" sc="1" el="78" ec="2" bec="0" bev="0" fileid="4" />
                <SequencePoint vc="4" uspid="79" ordinal="6" sl="79" sc="1" el="79" ec="2" bec="0" bev="0" fileid="4" />
                <SequencePoint vc="4" uspid="80" ordinal="7" sl="80" sc="1" el="80" ec="2" bec="0" bev="0" fileid="4" />
                <SequencePoint vc="26" uspid="81" ordinal="8" sl="81" sc="1" el="81" ec="2" bec="2" bev="2" fileid="4" />
                <SequencePoint vc="24" uspid="82" ordinal="9" sl="82" sc="1" el="82" ec="2" bec="0" bev="0" fileid="4" />
                <SequencePoint vc="24" uspid="83" ordinal="10" sl="83" sc="1" el="83" ec="2" bec="0" bev="0" fileid="4" />
                <SequencePoint vc="24" uspid="84" ordinal="11" sl="84" sc="1" el="84" ec="2" bec="0" bev="0" fileid="4" />
                <SequencePoint vc="30" uspid="85" ordinal="12" sl="85" sc="1" el="85" ec="2" bec="0" bev="0" fileid="4" />
              </SequencePoints>
              <BranchPoints>
                <BranchPoint vc="4" uspid="74" ordinal="0" path="0" offset="12" offsetend="14" sl="74" fileid="4" />
                <BranchPoint vc="4" uspid="76" ordinal="3" path="1" offset="43" offsetend="47" sl="76" fileid="4" />
                <BranchPoint vc="26" uspid="74" ordinal="1" path="1" offset="12" offsetend="65" sl="74" fileid="4" />
                <BranchPoint vc="24" uspid="81" ordinal="4" path="0" offset="79" offsetend="81" sl="81" fileid="4" />
                <BranchPoint vc="30" uspid="76" ordinal="2" path="0" offset="43" offsetend="90" sl="76" fileid="4" />
                <BranchPoint vc="30" uspid="81" ordinal="5" path="1" offset="79" offsetend="90" sl="81" fileid="4" />
              </BranchPoints>
              <MethodPoint vc="12" uspid="0" p8:type="SequencePoint" ordinal="8" offset="8" sc="0" sl="73" ec="1" el="85" bec="0" bev="0" fileid="4" xmlns:p8="xsi" />
            </Method>
            <Method cyclomaticComplexity="1" nPathComplexity="1" sequenceCoverage="100" branchCoverage="100" isConstructor="False" isGetter="True" isSetter="False" isStatic="True">
              <Summary numSequencePoints="1" visitedSequencePoints="1" numBranchPoints="0" visitedBranchPoints="0" sequenceCoverage="100" branchCoverage="100" maxCyclomaticComplexity="1" minCyclomaticComplexity="1" visitedClasses="0" numClasses="0" visitedMethods="1" numMethods="1" />
              <MetadataToken />
              <Name>System.Boolean Observer.Subject`1::get_IsClassOrString()</Name>
              <FileRef uid="4" />
              <SequencePoints>
                <SequencePoint vc="7" uspid="88" ordinal="0" sl="88" sc="1" el="88" ec="2" bec="0" bev="0" fileid="4" />
              </SequencePoints>
              <BranchPoints />
              <MethodPoint vc="1" uspid="0" p8:type="SequencePoint" ordinal="9" offset="9" sc="0" sl="88" ec="1" el="88" bec="0" bev="0" fileid="4" xmlns:p8="xsi" />
            </Method>
            <Method cyclomaticComplexity="1" nPathComplexity="1" sequenceCoverage="100" branchCoverage="100" isConstructor="False" isGetter="False" isSetter="False" isStatic="True">
              <Summary numSequencePoints="3" visitedSequencePoints="3" numBranchPoints="0" visitedBranchPoints="0" sequenceCoverage="100" branchCoverage="100" maxCyclomaticComplexity="1" minCyclomaticComplexity="1" visitedClasses="0" numClasses="0" visitedMethods="1" numMethods="1" />
              <MetadataToken />
              <Name>System.Void Observer.Subject`1::RegisterObserver(Observer.Observer`1&lt;T&gt;)</Name>
              <FileRef uid="4" />
              <SequencePoints>
                <SequencePoint vc="19" uspid="91" ordinal="0" sl="91" sc="1" el="91" ec="2" bec="0" bev="0" fileid="4" />
                <SequencePoint vc="19" uspid="92" ordinal="1" sl="92" sc="1" el="92" ec="2" bec="0" bev="0" fileid="4" />
                <SequencePoint vc="19" uspid="93" ordinal="2" sl="93" sc="1" el="93" ec="2" bec="0" bev="0" fileid="4" />
              </SequencePoints>
              <BranchPoints />
              <MethodPoint vc="3" uspid="0" p8:type="SequencePoint" ordinal="10" offset="10" sc="0" sl="91" ec="1" el="93" bec="0" bev="0" fileid="4" xmlns:p8="xsi" />
            </Method>
            <Method cyclomaticComplexity="1" nPathComplexity="1" sequenceCoverage="100" branchCoverage="100" isConstructor="False" isGetter="False" isSetter="False" isStatic="True">
              <Summary numSequencePoints="3" visitedSequencePoints="3" numBranchPoints="0" visitedBranchPoints="0" sequenceCoverage="100" branchCoverage="100" maxCyclomaticComplexity="1" minCyclomaticComplexity="1" visitedClasses="0" numClasses="0" visitedMethods="1" numMethods="1" />
              <MetadataToken />
              <Name>System.Void Observer.Subject`1::UnregisterObserver(Observer.Observer`1&lt;T&gt;)</Name>
              <FileRef uid="4" />
              <SequencePoints>
                <SequencePoint vc="1" uspid="96" ordinal="0" sl="96" sc="1" el="96" ec="2" bec="0" bev="0" fileid="4" />
                <SequencePoint vc="1" uspid="97" ordinal="1" sl="97" sc="1" el="97" ec="2" bec="0" bev="0" fileid="4" />
                <SequencePoint vc="1" uspid="98" ordinal="2" sl="98" sc="1" el="98" ec="2" bec="0" bev="0" fileid="4" />
              </SequencePoints>
              <BranchPoints />
              <MethodPoint vc="3" uspid="0" p8:type="SequencePoint" ordinal="11" offset="11" sc="0" sl="96" ec="1" el="98" bec="0" bev="0" fileid="4" xmlns:p8="xsi" />
            </Method>
            <Method cyclomaticComplexity="12" nPathComplexity="12" sequenceCoverage="100" branchCoverage="100" isConstructor="False" isGetter="False" isSetter="False" isStatic="True">
              <Summary numSequencePoints="14" visitedSequencePoints="14" numBranchPoints="12" visitedBranchPoints="12" sequenceCoverage="100" branchCoverage="100" maxCyclomaticComplexity="12" minCyclomaticComplexity="12" visitedClasses="0" numClasses="0" visitedMethods="1" numMethods="1" />
              <MetadataToken />
              <Name>System.Void Observer.Subject`1::NotifyObservers()</Name>
              <FileRef uid="4" />
              <SequencePoints>
                <SequencePoint vc="148" uspid="101" ordinal="0" sl="101" sc="1" el="101" ec="2" bec="0" bev="0" fileid="4" />
                <SequencePoint vc="148" uspid="102" ordinal="1" sl="102" sc="1" el="102" ec="2" bec="2" bev="2" fileid="4" />
                <SequencePoint vc="84" uspid="103" ordinal="2" sl="103" sc="1" el="103" ec="2" bec="0" bev="0" fileid="4" />
                <SequencePoint vc="326" uspid="104" ordinal="3" sl="104" sc="1" el="104" ec="2" bec="4" bev="4" fileid="4" />
                <SequencePoint vc="23" uspid="105" ordinal="4" sl="105" sc="1" el="105" ec="2" bec="0" bev="0" fileid="4" />
                <SequencePoint vc="23" uspid="106" ordinal="5" sl="106" sc="1" el="106" ec="2" bec="0" bev="0" fileid="4" />
                <SequencePoint vc="23" uspid="107" ordinal="6" sl="107" sc="1" el="107" ec="2" bec="0" bev="0" fileid="4" />
                <SequencePoint vc="282" uspid="109" ordinal="7" sl="109" sc="1" el="109" ec="2" bec="6" bev="6" fileid="4" />
                <SequencePoint vc="1" uspid="110" ordinal="8" sl="110" sc="1" el="110" ec="2" bec="0" bev="0" fileid="4" />
                <SequencePoint vc="1" uspid="111" ordinal="9" sl="111" sc="1" el="111" ec="2" bec="0" bev="0" fileid="4" />
                <SequencePoint vc="1" uspid="112" ordinal="10" sl="112" sc="1" el="112" ec="2" bec="0" bev="0" fileid="4" />
                <SequencePoint vc="1" uspid="113" ordinal="11" sl="113" sc="1" el="113" ec="2" bec="0" bev="0" fileid="4" />
                <SequencePoint vc="84" uspid="114" ordinal="12" sl="114" sc="1" el="114" ec="2" bec="0" bev="0" fileid="4" />
                <SequencePoint vc="148" uspid="115" ordinal="13" sl="115" sc="1" el="115" ec="2" bec="0" bev="0" fileid="4" />
              </SequencePoints>
              <BranchPoints>
                <BranchPoint vc="84" uspid="102" ordinal="0" path="0" offset="12" offsetend="17" sl="102" fileid="4" />
                <BranchPoint vc="6" uspid="104" ordinal="2" path="0" offset="31" offsetend="33" sl="104" fileid="4" />
                <BranchPoint vc="84" uspid="104" ordinal="3" path="1" offset="31" offsetend="56" sl="104" fileid="4" />
                <BranchPoint vc="23" uspid="104" ordinal="5" path="1" offset="96" offsetend="69" sl="104" fileid="4" />
                <BranchPoint vc="84" uspid="104" ordinal="4" path="0" offset="96" offsetend="98" sl="104" fileid="4" />
                <BranchPoint vc="6" uspid="109" ordinal="6" path="0" offset="124" offsetend="126" sl="109" fileid="4" />
                <BranchPoint vc="84" uspid="109" ordinal="7" path="1" offset="124" offsetend="149" sl="109" fileid="4" />
                <BranchPoint vc="1" uspid="109" ordinal="9" path="1" offset="200" offsetend="162" sl="109" fileid="4" />
                <BranchPoint vc="84" uspid="109" ordinal="8" path="0" offset="200" offsetend="202" sl="109" fileid="4" />
                <BranchPoint vc="148" uspid="102" ordinal="1" path="1" offset="12" offsetend="216" sl="102" fileid="4" />
                <BranchPoint vc="3" uspid="109" ordinal="0" path="0" offset="7" offsetend="9" sl="109" fileid="4" />
                <BranchPoint vc="25" uspid="109" ordinal="1" path="1" offset="7" offsetend="22" sl="109" fileid="4" />
              </BranchPoints>
              <MethodPoint vc="14" uspid="0" p8:type="SequencePoint" ordinal="12" offset="12" sc="0" sl="101" ec="1" el="115" bec="0" bev="0" fileid="4" xmlns:p8="xsi" />
            </Method>
            <Method cyclomaticComplexity="4" nPathComplexity="4" sequenceCoverage="100" branchCoverage="100" isConstructor="False" isGetter="False" isSetter="False" isStatic="True">
              <Summary numSequencePoints="13" visitedSequencePoints="13" numBranchPoints="4" visitedBranchPoints="4" sequenceCoverage="100" branchCoverage="100" maxCyclomaticComplexity="4" minCyclomaticComplexity="4" visitedClasses="0" numClasses="0" visitedMethods="1" numMethods="1" />
              <MetadataToken />
              <Name>System.Void Observer.Subject`1::Modify(Observer.Subject`1/ModifyDelegate&lt;T&gt;)</Name>
              <FileRef uid="4" />
              <SequencePoints>
                <SequencePoint vc="7" uspid="118" ordinal="0" sl="118" sc="1" el="118" ec="2" bec="0" bev="0" fileid="4" />
                <SequencePoint vc="7" uspid="119" ordinal="1" sl="119" sc="1" el="119" ec="2" bec="2" bev="2" fileid="4" />
                <SequencePoint vc="4" uspid="120" ordinal="2" sl="120" sc="1" el="120" ec="2" bec="0" bev="0" fileid="4" />
                <SequencePoint vc="4" uspid="121" ordinal="3" sl="121" sc="1" el="121" ec="2" bec="0" bev="0" fileid="4" />
                <SequencePoint vc="3" uspid="124" ordinal="4" sl="124" sc="1" el="124" ec="2" bec="2" bev="2" fileid="4" />
                <SequencePoint vc="2" uspid="125" ordinal="5" sl="125" sc="1" el="125" ec="2" bec="0" bev="0" fileid="4" />
                <SequencePoint vc="2" uspid="126" ordinal="6" sl="126" sc="1" el="126" ec="2" bec="0" bev="0" fileid="4" />
                <SequencePoint vc="2" uspid="127" ordinal="7" sl="127" sc="1" el="127" ec="2" bec="0" bev="0" fileid="4" />
                <SequencePoint vc="2" uspid="128" ordinal="8" sl="128" sc="1" el="128" ec="2" bec="0" bev="0" fileid="4" />
                <SequencePoint vc="2" uspid="129" ordinal="9" sl="129" sc="1" el="129" ec="2" bec="0" bev="0" fileid="4" />
                <SequencePoint vc="3" uspid="131" ordinal="10" sl="131" sc="1" el="131" ec="2" bec="0" bev="0" fileid="4" />
                <SequencePoint vc="3" uspid="132" ordinal="11" sl="132" sc="1" el="132" ec="2" bec="0" bev="0" fileid="4" />
                <SequencePoint vc="3" uspid="133" ordinal="12" sl="133" sc="1" el="133" ec="2" bec="0" bev="0" fileid="4" />
              </SequencePoints>
              <BranchPoints>
                <BranchPoint vc="4" uspid="119" ordinal="0" path="0" offset="12" offsetend="14" sl="119" fileid="4" />
                <BranchPoint vc="3" uspid="119" ordinal="1" path="1" offset="12" offsetend="73" sl="119" fileid="4" />
                <BranchPoint vc="2" uspid="124" ordinal="2" path="0" offset="84" offsetend="86" sl="124" fileid="4" />
                <BranchPoint vc="3" uspid="124" ordinal="3" path="1" offset="84" offsetend="122" sl="124" fileid="4" />
              </BranchPoints>
              <MethodPoint vc="13" uspid="0" p8:type="SequencePoint" ordinal="13" offset="13" sc="0" sl="118" ec="1" el="133" bec="0" bev="0" fileid="4" xmlns:p8="xsi" />
            </Method>
            <Method cyclomaticComplexity="1" nPathComplexity="1" sequenceCoverage="100" branchCoverage="100" isConstructor="False" isGetter="False" isSetter="False" isStatic="True">
              <Summary numSequencePoints="3" visitedSequencePoints="3" numBranchPoints="0" visitedBranchPoints="0" sequenceCoverage="100" branchCoverage="100" maxCyclomaticComplexity="1" minCyclomaticComplexity="1" visitedClasses="0" numClasses="0" visitedMethods="1" numMethods="1" />
              <MetadataToken />
              <Name>System.Void Observer.Subject`1::Replace(T)</Name>
              <FileRef uid="4" />
              <SequencePoints>
                <SequencePoint vc="30" uspid="136" ordinal="0" sl="136" sc="1" el="136" ec="2" bec="0" bev="0" fileid="4" />
                <SequencePoint vc="30" uspid="137" ordinal="1" sl="137" sc="1" el="137" ec="2" bec="0" bev="0" fileid="4" />
                <SequencePoint vc="30" uspid="138" ordinal="2" sl="138" sc="1" el="138" ec="2" bec="0" bev="0" fileid="4" />
              </SequencePoints>
              <BranchPoints />
              <MethodPoint vc="3" uspid="0" p8:type="SequencePoint" ordinal="14" offset="14" sc="0" sl="136" ec="1" el="138" bec="0" bev="0" fileid="4" xmlns:p8="xsi" />
            </Method>
            <Method cyclomaticComplexity="6" nPathComplexity="6" sequenceCoverage="100" branchCoverage="100" isConstructor="True" isGetter="False" isSetter="False" isStatic="True">
              <Summary numSequencePoints="9" visitedSequencePoints="9" numBranchPoints="6" visitedBranchPoints="6" sequenceCoverage="100" branchCoverage="100" maxCyclomaticComplexity="6" minCyclomaticComplexity="6" visitedClasses="0" numClasses="0" visitedMethods="1" numMethods="1" />
              <MetadataToken />
              <Name>System.Void Observer.Subject`1::.ctor(T,System.Boolean)</Name>
              <FileRef uid="4" />
              <SequencePoints>
                <SequencePoint vc="45" uspid="11" ordinal="0" sl="11" sc="1" el="11" ec="2" bec="0" bev="0" fileid="4" />
                <SequencePoint vc="45" uspid="13" ordinal="1" sl="13" sc="1" el="13" ec="2" bec="0" bev="0" fileid="4" />
                <SequencePoint vc="45" uspid="14" ordinal="2" sl="14" sc="1" el="14" ec="2" bec="0" bev="0" fileid="4" />
                <SequencePoint vc="45" uspid="15" ordinal="3" sl="15" sc="1" el="15" ec="2" bec="4" bev="4" fileid="4" />
                <SequencePoint vc="42" uspid="16" ordinal="4" sl="16" sc="1" el="16" ec="2" bec="0" bev="0" fileid="4" />
                <SequencePoint vc="45" uspid="18" ordinal="5" sl="18" sc="1" el="18" ec="2" bec="2" bev="2" fileid="4" />
                <SequencePoint vc="38" uspid="19" ordinal="6" sl="19" sc="1" el="19" ec="2" bec="0" bev="0" fileid="4" />
                <SequencePoint vc="7" uspid="21" ordinal="7" sl="21" sc="1" el="21" ec="2" bec="0" bev="0" fileid="4" />
                <SequencePoint vc="45" uspid="22" ordinal="8" sl="22" sc="1" el="22" ec="2" bec="0" bev="0" fileid="4" />
              </SequencePoints>
              <BranchPoints>
                <BranchPoint vc="43" uspid="15" ordinal="0" path="0" offset="32" offsetend="34" sl="15" fileid="4" />
                <BranchPoint vc="2" uspid="15" ordinal="1" path="1" offset="32" offsetend="64" sl="15" fileid="4" />
                <BranchPoint vc="42" uspid="15" ordinal="2" path="0" offset="67" offsetend="69" sl="15" fileid="4" />
                <BranchPoint vc="45" uspid="15" ordinal="3" path="1" offset="67" offsetend="93" sl="15" fileid="4" />
                <BranchPoint vc="38" uspid="18" ordinal="4" path="0" offset="96" offsetend="98" sl="18" fileid="4" />
                <BranchPoint vc="7" uspid="18" ordinal="5" path="1" offset="96" offsetend="115" sl="18" fileid="4" />
              </BranchPoints>
              <MethodPoint vc="9" uspid="0" p8:type="SequencePoint" ordinal="15" offset="15" sc="0" sl="11" ec="1" el="22" bec="0" bev="0" fileid="4" xmlns:p8="xsi" />
            </Method>
          </Methods>
        </Class>
      </Classes>
    </Module>
  </Modules>
</CoverageSession>